<?xml version="1.0" encoding="UTF-8"?>
<!-- Generated by org.testng.reporters.JUnitXMLReporter -->
<testsuite ignored="6" hostname="LIE-5CG9343P5D" failures="0" tests="1" name="Default test" time="14.369" errors="0" timestamp="2021-07-15T18:13:40 IST">
  <testcase classname="PhpTravelsTest.LoginTest" name="ForgetPassword" time="3.902"/>
  <testcase classname="PhpTravelsTest.LoginTest" name="BlankEmailOnLogin" time="0.0">
    <ignored/>
  </testcase> <!-- BlankEmailOnLogin -->
  <testcase classname="PhpTravelsTest.LoginTest" name="InvalidEmailOnLogin" time="0.0">
    <ignored/>
  </testcase> <!-- InvalidEmailOnLogin -->
  <testcase classname="PhpTravelsTest.LoginTest" name="VerifySignUp" time="0.0">
    <ignored/>
  </testcase> <!-- VerifySignUp -->
  <testcase classname="PhpTravelsTest.LoginTest" name="RememberMeButton" time="0.0">
    <ignored/>
  </testcase> <!-- RememberMeButton -->
  <testcase classname="PhpTravelsTest.LoginTest" name="InvalidPasswordOnLogin" time="0.0">
    <ignored/>
  </testcase> <!-- InvalidPasswordOnLogin -->
  <testcase classname="PhpTravelsTest.LoginTest" name="SuccessfulLogin" time="0.0">
    <ignored/>
  </testcase> <!-- SuccessfulLogin -->
</testsuite> <!-- Default test -->
