<?xml version="1.0" encoding="UTF-8"?>
<testng-results ignored="6" total="7" passed="1" failed="0" skipped="0">
  <reporter-output>
  </reporter-output>
  <suite started-at="2021-07-15T18:13:26 IST" name="Default suite" finished-at="2021-07-15T18:13:40 IST" duration-ms="14369">
    <groups>
    </groups>
    <test started-at="2021-07-15T18:13:26 IST" name="Default test" finished-at="2021-07-15T18:13:40 IST" duration-ms="14369">
      <class name="PhpTravelsTest.LoginTest">
        <test-method is-config="true" signature="before()[pri:0, instance:PhpTravelsTest.LoginTest@2a54a73f]" started-at="2021-07-15T18:13:26 IST" name="before" finished-at="2021-07-15T18:13:35 IST" duration-ms="9339" status="PASS">
          <reporter-output>
          </reporter-output>
        </test-method> <!-- before -->
        <test-method signature="ForgetPassword()[pri:0, instance:PhpTravelsTest.LoginTest@2a54a73f]" started-at="2021-07-15T18:13:35 IST" name="ForgetPassword" finished-at="2021-07-15T18:13:39 IST" duration-ms="3902" status="PASS">
          <reporter-output>
          </reporter-output>
        </test-method> <!-- ForgetPassword -->
        <test-method is-config="true" signature="after()[pri:0, instance:PhpTravelsTest.LoginTest@2a54a73f]" started-at="2021-07-15T18:13:39 IST" name="after" finished-at="2021-07-15T18:13:40 IST" duration-ms="1085" status="PASS">
          <reporter-output>
          </reporter-output>
        </test-method> <!-- after -->
      </class> <!-- PhpTravelsTest.LoginTest -->
    </test> <!-- Default test -->
  </suite> <!-- Default suite -->
</testng-results>
