<?xml version="1.0" encoding="UTF-8"?>
<!-- Generated by org.testng.reporters.JUnitReportReporter -->
<testsuite hostname="LIE-5CG9343P5D" failures="0" tests="3" name="PhpTravelsTest.RegistrationTest" time="25.627" errors="0" timestamp="2021-07-15T16:17:04 IST" skipped="2">
  <testcase classname="PhpTravelsTest.RegistrationTest" name="LassCaractersTest" time="25.627"/>
  <system-out/>
  <testcase classname="PhpTravelsTest.RegistrationTest" name="DataDrivenRegistrationTest">
    <skipped/>
  </testcase> <!-- DataDrivenRegistrationTest -->
  <system-out/>
  <testcase classname="PhpTravelsTest.RegistrationTest" name="ManualPassingValuesRegistrationTest">
    <skipped/>
  </testcase> <!-- ManualPassingValuesRegistrationTest -->
  <system-out/>
</testsuite> <!-- PhpTravelsTest.RegistrationTest -->
